<?xml version="1.0" encoding="UTF-8"?>
<!-- Generated by org.testng.reporters.JUnitReportReporter -->
<testsuite hostname="OZL8061W" failures="0" tests="1" name="UIAutomation.SeleniumFrameworkDesign.ErrorValidations" time="13.146" errors="0" timestamp="2023-12-11T14:29:18 IST" skipped="0">
  <testcase classname="UIAutomation.SeleniumFrameworkDesign.ErrorValidations" name="loginErrors" time="13.146"/>
  <system-out/>
</testsuite> <!-- UIAutomation.SeleniumFrameworkDesign.ErrorValidations -->
