<?xml version="1.0" encoding="UTF-8"?>
<!-- Generated by org.testng.reporters.JUnitReportReporter -->
<testsuite hostname="OZL8061W" failures="0" tests="6" name="UIAutomation.SeleniumFrameworkDesign.MapsTest" time="54.039" errors="0" timestamp="2024-01-09T11:41:59 IST" skipped="0">
  <testcase classname="UIAutomation.SeleniumFrameworkDesign.MapsTest" name="assetDetailsVerificationTest" time="37.444"/>
  <system-out/>
  <testcase classname="UIAutomation.SeleniumFrameworkDesign.MapsTest" name="driverDetailsVerificationTest" time="0.074"/>
  <system-out/>
  <testcase classname="UIAutomation.SeleniumFrameworkDesign.MapsTest" name="addressLocationLinkTest" time="2.908"/>
  <system-out/>
  <testcase classname="UIAutomation.SeleniumFrameworkDesign.MapsTest" name="driverAvailabilityWidgetTest" time="0.471"/>
  <system-out/>
  <testcase classname="UIAutomation.SeleniumFrameworkDesign.MapsTest" name="findNearByAssetsFeatureTest" time="3.605"/>
  <system-out/>
  <testcase classname="UIAutomation.SeleniumFrameworkDesign.MapsTest" name="historyDetailsOfTheAssetTest" time="9.537"/>
  <system-out/>
</testsuite> <!-- UIAutomation.SeleniumFrameworkDesign.MapsTest -->
