<?xml version="1.0" encoding="UTF-8"?>
<!-- Generated by org.testng.reporters.JUnitReportReporter -->
<testsuite hostname="OZL8061W" failures="0" tests="1" name="UIAutomation.SeleniumFrameworkDesign.SubmitOrderTest" time="74.502" errors="0" timestamp="2023-12-11T22:22:25 IST" skipped="0">
  <testcase classname="UIAutomation.SeleniumFrameworkDesign.SubmitOrderTest" name="submitOrders" time="74.502"/>
  <system-out/>
</testsuite> <!-- UIAutomation.SeleniumFrameworkDesign.SubmitOrderTest -->
